{"name": "Test Android Emulator - Horizontal Swipe", "status": "broken", "statusDetails": {"message": "selenium.common.exceptions.UnknownMethodException: Message: Method is not implemented\nStacktrace:\nNotImplementedError: Method is not implemented\n    at AndroidUiautomator2Driver.execute (/Users/sayantan/.appium/node_modules/appium-uiautomator2-driver/node_modules/appium-android-driver/lib/commands/execute.js:121:11)\n    at runCommandPromise (/Users/sayantan/.nvm/versions/node/v22.7.0/lib/node_modules/appium/node_modules/@appium/base-driver/lib/basedriver/driver.ts:115:20)\n    at /Users/sayantan/.nvm/versions/node/v22.7.0/lib/node_modules/appium/node_modules/async-lock/lib/index.js:171:12\n    at AsyncLock._promiseTry (/Users/sayantan/.nvm/versions/node/v22.7.0/lib/node_modules/appium/node_modules/async-lock/lib/index.js:306:31)\n    at exec (/Users/sayantan/.nvm/versions/node/v22.7.0/lib/node_modules/appium/node_modules/async-lock/lib/index.js:170:9)\n    at AsyncLock.acquire (/Users/sayantan/.nvm/versions/node/v22.7.0/lib/node_modules/appium/node_modules/async-lock/lib/index.js:189:3)\n    at AndroidUiautomator2Driver.executeCommand (/Users/sayantan/.nvm/versions/node/v22.7.0/lib/node_modules/appium/node_modules/@appium/base-driver/lib/basedriver/driver.ts:148:39)\n    at processTicksAndRejections (node:internal/process/task_queues:105:5)\n    at defaultBehavior (/Users/sayantan/.nvm/versions/node/v22.7.0/lib/node_modules/appium/lib/appium.js:1123:14)\n    at AppiumDriver.executeWrappedCommand (/Users/sayantan/.nvm/versions/node/v22.7.0/lib/node_modules/appium/lib/appium.js:1229:16)\n    at AppiumDriver.executeCommand (/Users/sayantan/.nvm/versions/node/v22.7.0/lib/node_modules/appium/lib/appium.js:1135:17)\n    at asyncHandler (/Users/sayantan/.nvm/versions/node/v22.7.0/lib/node_modules/appium/node_modules/@appium/base-driver/lib/protocol/protocol.js:387:19)", "trace": "appium_driver_setup_teardown = <appium.webdriver.webdriver.WebDriver (session=\"100e377d-4be4-4213-be00-fa77137b3c01\")>\n\n    @pytest.mark.usefixtures(\"adding_screenshot_Fail\")\n    def test_demo1(appium_driver_setup_teardown):\n        allure.dynamic.title(\"Test Android Emulator - Horizontal Swipe\")\n        allure.dynamic.description(\n            \"This test attempts to open WDIODEMOAPP in Android Emulator and horizotal swipe function.\\n\\nNote that this test does not test Authentication.\")\n        allure.dynamic.tag(\"NewUI\", \"Essentials\", \"Authentication\")\n        allure.dynamic.severity(allure.severity_level.CRITICAL)\n        allure.dynamic.label(\"owner\", \"Sayantan Dutta\")\n        allure.dynamic.link(\"https://github.com/webdriverio/native-demo-app/releases\", name=\"Website\")\n        allure.dynamic.issue(\"AEHS-123\")\n        allure.dynamic.testcase(\"TMS-456\")\n        allure.dynamic.epic(\"Emulator Testing\")\n        allure.dynamic.feature(\"Swipe features\")\n        allure.dynamic.story(\"Swipe Horizontal carousel actions\")\n        allure.dynamic.parent_suite(\"Tests Suite forAndroid Emulators\")\n        allure.dynamic.suite(\"Tests for Swipe feature\")\n        allure.dynamic.sub_suite(\"Tests for Swipe Horizontal carousel actions\")\n        driver = appium_driver_setup_teardown\n        print('Testing WDIODemoApp Swipe function')\n        with allure.step(\"Step 1: Testing WDIODemoApp Swipe function\"):\n            wait_in_seconds = 30\n            # Implicit wait\n            driver.implicitly_wait(wait_in_seconds)\n            # Click on the 'Swipe' tab from down menu\n        with allure.step(\"Step 2: Click WDIODemoApp Swipe tab\"):\n            el1 = driver.find_element(\n                by=AppiumBy.XPATH, value=\"//android.widget.TextView[@text='Swipe']\")\n            el1.click()\n        # Explicit wait and then Swipe left (can use - EC.element_to_be_clickable)\n        with allure.step(\"Step 3: Click Carousel Swipe horizontally\"):\n            carousel = WebDriverWait(driver, wait_in_seconds).until(\n            EC.presence_of_element_located((AppiumBy.ACCESSIBILITY_ID, \"Carousel\")))\n>           driver.execute_script(\"gesture: swipe\", {\n                \"elementId\": carousel.id,\n                \"percentage\": 50,\n                \"direction\": \"left\"\n            })\n\nAppium-Python-Android-Pytest/src/main/python/app/test_appium.py:46: \n_ _ _ _ _ _ _ _ _ _ _ _ _ _ _ _ _ _ _ _ _ _ _ _ _ _ _ _ _ _ _ _ _ _ _ _ _ _ _ _ _ _ _ _ _ _ _ _ _ _ _ _ _ _ _ _ _ _ _ _ _ _ _ _ _ _ _ _ _ _ _ _ _\n/usr/local/lib/python3.12/site-packages/selenium/webdriver/remote/webdriver.py:414: in execute_script\n    return self.execute(command, {\"script\": script, \"args\": converted_args})[\"value\"]\n/usr/local/lib/python3.12/site-packages/selenium/webdriver/remote/webdriver.py:354: in execute\n    self.error_handler.check_response(response)\n_ _ _ _ _ _ _ _ _ _ _ _ _ _ _ _ _ _ _ _ _ _ _ _ _ _ _ _ _ _ _ _ _ _ _ _ _ _ _ _ _ _ _ _ _ _ _ _ _ _ _ _ _ _ _ _ _ _ _ _ _ _ _ _ _ _ _ _ _ _ _ _ _\n\nself = <appium.webdriver.errorhandler.MobileErrorHandler object at 0x10925a720>\nresponse = {'status': 405, 'value': '{\"value\":{\"error\":\"unknown method\",\"message\":\"Method is not implemented\",\"stacktrace\":\"NotIm...vm/versions/node/v22.7.0/lib/node_modules/appium/node_modules/@appium/base-driver/lib/protocol/protocol.js:387:19)\"}}'}\n\n    def check_response(self, response: Dict[str, Any]) -> None:\n        \"\"\"\n        https://www.w3.org/TR/webdriver/#errors\n        \"\"\"\n        payload = response.get('value', '')\n        if isinstance(payload, dict):\n            payload_dict = payload\n        else:\n            try:\n                payload_dict = json.loads(payload)\n            except (json.JSONDecodeError, TypeError):\n                return\n            if not isinstance(payload_dict, dict):\n                return\n        value = payload_dict.get('value')\n        if not isinstance(value, dict):\n            return\n        error = value.get('error')\n        if not error:\n            return\n    \n        message = value.get('message', error)\n        stacktrace = value.get('stacktrace', '')\n        # In theory, we should also be checking HTTP status codes.\n        # Java client, for example, prints a warning if the actual `error`\n        # value does not match to the response's HTTP status code.\n        exception_class: Type[sel_exceptions.WebDriverException] = ERROR_TO_EXC_MAPPING.get(\n            error, sel_exceptions.WebDriverException\n        )\n        if exception_class is sel_exceptions.WebDriverException and message:\n            if message == 'No such context found.':\n                exception_class = appium_exceptions.NoSuchContextException\n            elif message == 'That command could not be executed in the current context.':\n                exception_class = appium_exceptions.InvalidSwitchToTargetException\n    \n        if exception_class is sel_exceptions.UnexpectedAlertPresentException:\n            raise sel_exceptions.UnexpectedAlertPresentException(\n                msg=message,\n                stacktrace=format_stacktrace(stacktrace),\n                alert_text=value.get('data'),\n            )\n>       raise exception_class(msg=message, stacktrace=format_stacktrace(stacktrace))\nE       selenium.common.exceptions.UnknownMethodException: Message: Method is not implemented\nE       Stacktrace:\nE       NotImplementedError: Method is not implemented\nE           at AndroidUiautomator2Driver.execute (/Users/sayantan/.appium/node_modules/appium-uiautomator2-driver/node_modules/appium-android-driver/lib/commands/execute.js:121:11)\nE           at runCommandPromise (/Users/sayantan/.nvm/versions/node/v22.7.0/lib/node_modules/appium/node_modules/@appium/base-driver/lib/basedriver/driver.ts:115:20)\nE           at /Users/sayantan/.nvm/versions/node/v22.7.0/lib/node_modules/appium/node_modules/async-lock/lib/index.js:171:12\nE           at AsyncLock._promiseTry (/Users/sayantan/.nvm/versions/node/v22.7.0/lib/node_modules/appium/node_modules/async-lock/lib/index.js:306:31)\nE           at exec (/Users/sayantan/.nvm/versions/node/v22.7.0/lib/node_modules/appium/node_modules/async-lock/lib/index.js:170:9)\nE           at AsyncLock.acquire (/Users/sayantan/.nvm/versions/node/v22.7.0/lib/node_modules/appium/node_modules/async-lock/lib/index.js:189:3)\nE           at AndroidUiautomator2Driver.executeCommand (/Users/sayantan/.nvm/versions/node/v22.7.0/lib/node_modules/appium/node_modules/@appium/base-driver/lib/basedriver/driver.ts:148:39)\nE           at processTicksAndRejections (node:internal/process/task_queues:105:5)\nE           at defaultBehavior (/Users/sayantan/.nvm/versions/node/v22.7.0/lib/node_modules/appium/lib/appium.js:1123:14)\nE           at AppiumDriver.executeWrappedCommand (/Users/sayantan/.nvm/versions/node/v22.7.0/lib/node_modules/appium/lib/appium.js:1229:16)\nE           at AppiumDriver.executeCommand (/Users/sayantan/.nvm/versions/node/v22.7.0/lib/node_modules/appium/lib/appium.js:1135:17)\nE           at asyncHandler (/Users/sayantan/.nvm/versions/node/v22.7.0/lib/node_modules/appium/node_modules/@appium/base-driver/lib/protocol/protocol.js:387:19)\n\n/usr/local/lib/python3.12/site-packages/appium/webdriver/errorhandler.py:125: UnknownMethodException"}, "description": "This test attempts to open WDIODEMOAPP in Android Emulator and horizotal swipe function.\n\nNote that this test does not test Authentication.", "steps": [{"name": "Step 1: Testing WDIODemoApp Swipe function", "status": "passed", "start": 1727408834763, "stop": 1727408834773}, {"name": "Step 2: Click WDIODemoApp Swipe tab", "status": "passed", "start": 1727408834773, "stop": 1727408841397}, {"name": "Step 3: Click Carousel Swipe horizontally", "status": "broken", "statusDetails": {"message": "selenium.common.exceptions.UnknownMethodException: Message: Method is not implemented\nStacktrace:\nNotImplementedError: Method is not implemented\n    at AndroidUiautomator2Driver.execute (/Users/sayantan/.appium/node_modules/appium-uiautomator2-driver/node_modules/appium-android-driver/lib/commands/execute.js:121:11)\n    at runCommandPromise (/Users/sayantan/.nvm/versions/node/v22.7.0/lib/node_modules/appium/node_modules/@appium/base-driver/lib/basedriver/driver.ts:115:20)\n    at /Users/sayantan/.nvm/versions/node/v22.7.0/lib/node_modules/appium/node_modules/async-lock/lib/index.js:171:12\n    at AsyncLock._promiseTry (/Users/sayantan/.nvm/versions/node/v22.7.0/lib/node_modules/appium/node_modules/async-lock/lib/index.js:306:31)\n    at exec (/Users/sayantan/.nvm/versions/node/v22.7.0/lib/node_modules/appium/node_modules/async-lock/lib/index.js:170:9)\n    at AsyncLock.acquire (/Users/sayantan/.nvm/versions/node/v22.7.0/lib/node_modules/appium/node_modules/async-lock/lib/index.js:189:3)\n    at AndroidUiautomator2Driver.executeCommand (/Users/sayantan/.nvm/versions/node/v22.7.0/lib/node_modules/appium/node_modules/@appium/base-driver/lib/basedriver/driver.ts:148:39)\n    at processTicksAndRejections (node:internal/process/task_queues:105:5)\n    at defaultBehavior (/Users/sayantan/.nvm/versions/node/v22.7.0/lib/node_modules/appium/lib/appium.js:1123:14)\n    at AppiumDriver.executeWrappedCommand (/Users/sayantan/.nvm/versions/node/v22.7.0/lib/node_modules/appium/lib/appium.js:1229:16)\n    at AppiumDriver.executeCommand (/Users/sayantan/.nvm/versions/node/v22.7.0/lib/node_modules/appium/lib/appium.js:1135:17)\n    at asyncHandler (/Users/sayantan/.nvm/versions/node/v22.7.0/lib/node_modules/appium/node_modules/@appium/base-driver/lib/protocol/protocol.js:387:19)\n", "trace": "  File \"/Users/sayantan/Documents/git/AppiumProjects/Appium-Python-Android-Pytest_Project/Appium-Python-Android-Pytest/src/main/python/app/test_appium.py\", line 46, in test_demo1\n    driver.execute_script(\"gesture: swipe\", {\n  File \"/usr/local/lib/python3.12/site-packages/selenium/webdriver/remote/webdriver.py\", line 414, in execute_script\n    return self.execute(command, {\"script\": script, \"args\": converted_args})[\"value\"]\n           ^^^^^^^^^^^^^^^^^^^^^^^^^^^^^^^^^^^^^^^^^^^^^^^^^^^^^^^^^^^^^^^^^\n  File \"/usr/local/lib/python3.12/site-packages/selenium/webdriver/remote/webdriver.py\", line 354, in execute\n    self.error_handler.check_response(response)\n  File \"/usr/local/lib/python3.12/site-packages/appium/webdriver/errorhandler.py\", line 125, in check_response\n    raise exception_class(msg=message, stacktrace=format_stacktrace(stacktrace))\n"}, "start": 1727408841397, "stop": 1727408843629}], "attachments": [{"name": "log", "source": "06677d93-a6d6-4dca-bfdf-feaad97094fd-attachment.txt", "type": "text/plain"}], "start": 1727408834761, "stop": 1727408843634, "uuid": "e5642613-e3c0-4fd3-aeed-2ceaa7cbd519", "historyId": "75696eee4deb54fc5abe7d15198d5c9c", "testCaseId": "75696eee4deb54fc5abe7d15198d5c9c", "fullName": "Appium-Python-Android-Pytest.src.main.python.app.test_appium#test_demo1", "labels": [{"name": "tag", "value": "NewUI"}, {"name": "tag", "value": "Essentials"}, {"name": "tag", "value": "Authentication"}, {"name": "severity", "value": "critical"}, {"name": "owner", "value": "Sayantan Dutta"}, {"name": "epic", "value": "Emulator Testing"}, {"name": "feature", "value": "Swipe features"}, {"name": "story", "value": "Swipe Horizontal carousel actions"}, {"name": "parentSuite", "value": "Tests Suite forAndroid Emulators"}, {"name": "suite", "value": "Tests for Swipe feature"}, {"name": "subSuite", "value": "Tests for Swipe Horizontal carousel actions"}, {"name": "tag", "value": "@pytest.mark.usefixtures('adding_screenshot_Fail')"}, {"name": "host", "value": "Sayantans-MBP-3.home"}, {"name": "thread", "value": "16073-MainThread"}, {"name": "framework", "value": "pytest"}, {"name": "language", "value": "cpython3"}, {"name": "package", "value": "Appium-Python-Android-Pytest.src.main.python.app.test_appium"}], "links": [{"type": "link", "url": "https://github.com/webdriverio/native-demo-app/releases", "name": "Website"}, {"type": "issue", "url": "AEHS-123", "name": "AEHS-123"}, {"type": "tms", "url": "TMS-456", "name": "TMS-456"}]}